This file contains any messages produced by compilers while
running configure, to aid debugging if configure makes a mistake.

It was created by StriDe configure 0.0.1, which was
generated by GNU Autoconf 2.68b.  Invocation command line was

  $ ./configure 

## --------- ##
## Platform. ##
## --------- ##

hostname = bip7
uname -m = x86_64
uname -r = 3.10.0-514.6.1.el7.x86_64
uname -s = Linux
uname -v = #1 SMP Wed Jan 18 13:06:36 UTC 2017

/usr/bin/uname -p = x86_64
/bin/uname -X     = unknown

/bin/arch              = x86_64
/usr/bin/arch -k       = unknown
/usr/convex/getsysinfo = unknown
/usr/bin/hostinfo      = unknown
/bin/machine           = unknown
/usr/bin/oslevel       = unknown
/bin/universe          = unknown

PATH: /usr/lib64/qt-3.3/bin
PATH: /home/yuyu105/.gm_key
PATH: /home/yuyu105/.linuxbrew/bin
PATH: /usr/local/bin
PATH: /usr/bin
PATH: /usr/local/sbin
PATH: /usr/sbin
PATH: /home/chengwei104/.local/bin
PATH: /home/chengwei104/bin


## ----------- ##
## Core tests. ##
## ----------- ##

configure:2184: checking for a BSD-compatible install
configure:2252: result: /usr/bin/install -c
configure:2263: checking whether build environment is sane
configure:2318: result: yes
configure:2469: checking for a thread-safe mkdir -p
configure:2508: result: /usr/bin/mkdir -p
configure:2515: checking for gawk
configure:2531: found /usr/bin/gawk
configure:2542: result: gawk
configure:2553: checking whether make sets $(MAKE)
configure:2575: result: yes
configure:2604: checking whether make supports nested variables
configure:2621: result: yes
configure:2880: checking for g++
configure:2896: found /usr/local/bin/g++
configure:2907: result: g++
configure:2934: checking for C++ compiler version
configure:2943: g++ --version >&5
g++ (GCC) 4.8.5 20150623 (Red Hat 4.8.5-11)
Copyright (C) 2015 Free Software Foundation, Inc.
This is free software; see the source for copying conditions.  There is NO
warranty; not even for MERCHANTABILITY or FITNESS FOR A PARTICULAR PURPOSE.

configure:2954: $? = 0
configure:2943: g++ -v >&5
Using built-in specs.
COLLECT_GCC=g++
COLLECT_LTO_WRAPPER=/usr/libexec/gcc/x86_64-redhat-linux/4.8.5/lto-wrapper
Target: x86_64-redhat-linux
Configured with: ../configure --prefix=/usr --mandir=/usr/share/man --infodir=/usr/share/info --with-bugurl=http://bugzilla.redhat.com/bugzilla --enable-bootstrap --enable-shared --enable-threads=posix --enable-checking=release --with-system-zlib --enable-__cxa_atexit --disable-libunwind-exceptions --enable-gnu-unique-object --enable-linker-build-id --with-linker-hash-style=gnu --enable-languages=c,c++,objc,obj-c++,java,fortran,ada,go,lto --enable-plugin --enable-initfini-array --disable-libgcj --with-isl=/builddir/build/BUILD/gcc-4.8.5-20150702/obj-x86_64-redhat-linux/isl-install --with-cloog=/builddir/build/BUILD/gcc-4.8.5-20150702/obj-x86_64-redhat-linux/cloog-install --enable-gnu-indirect-function --with-tune=generic --with-arch_32=x86-64 --build=x86_64-redhat-linux
Thread model: posix
gcc version 4.8.5 20150623 (Red Hat 4.8.5-11) (GCC) 
configure:2954: $? = 0
configure:2943: g++ -V >&5
g++: error: unrecognized command line option '-V'
g++: fatal error: no input files
compilation terminated.
configure:2954: $? = 4
configure:2943: g++ -qversion >&5
g++: error: unrecognized command line option '-qversion'
g++: fatal error: no input files
compilation terminated.
configure:2954: $? = 4
configure:2974: checking whether the C++ compiler works
configure:2996: g++    conftest.cpp  >&5
configure:3000: $? = 0
configure:3048: result: yes
configure:3051: checking for C++ compiler default output file name
configure:3053: result: a.out
configure:3059: checking for suffix of executables
configure:3066: g++ -o conftest    conftest.cpp  >&5
configure:3070: $? = 0
configure:3092: result: 
configure:3114: checking whether we are cross compiling
configure:3122: g++ -o conftest    conftest.cpp  >&5
configure:3126: $? = 0
configure:3133: ./conftest
configure:3137: $? = 0
configure:3152: result: no
configure:3157: checking for suffix of object files
configure:3179: g++ -c   conftest.cpp >&5
configure:3183: $? = 0
configure:3204: result: o
configure:3208: checking whether we are using the GNU C++ compiler
configure:3227: g++ -c   conftest.cpp >&5
configure:3227: $? = 0
configure:3236: result: yes
configure:3245: checking whether g++ accepts -g
configure:3265: g++ -c -g  conftest.cpp >&5
configure:3265: $? = 0
configure:3306: result: yes
configure:3340: checking for style of include used by make
configure:3368: result: GNU
configure:3394: checking dependency style of g++
configure:3505: result: gcc3
configure:3568: checking for gcc
configure:3584: found /usr/local/bin/gcc
configure:3595: result: gcc
configure:3824: checking for C compiler version
configure:3833: gcc --version >&5
gcc (GCC) 4.8.5 20150623 (Red Hat 4.8.5-11)
Copyright (C) 2015 Free Software Foundation, Inc.
This is free software; see the source for copying conditions.  There is NO
warranty; not even for MERCHANTABILITY or FITNESS FOR A PARTICULAR PURPOSE.

configure:3844: $? = 0
configure:3833: gcc -v >&5
Using built-in specs.
COLLECT_GCC=gcc
COLLECT_LTO_WRAPPER=/usr/libexec/gcc/x86_64-redhat-linux/4.8.5/lto-wrapper
Target: x86_64-redhat-linux
Configured with: ../configure --prefix=/usr --mandir=/usr/share/man --infodir=/usr/share/info --with-bugurl=http://bugzilla.redhat.com/bugzilla --enable-bootstrap --enable-shared --enable-threads=posix --enable-checking=release --with-system-zlib --enable-__cxa_atexit --disable-libunwind-exceptions --enable-gnu-unique-object --enable-linker-build-id --with-linker-hash-style=gnu --enable-languages=c,c++,objc,obj-c++,java,fortran,ada,go,lto --enable-plugin --enable-initfini-array --disable-libgcj --with-isl=/builddir/build/BUILD/gcc-4.8.5-20150702/obj-x86_64-redhat-linux/isl-install --with-cloog=/builddir/build/BUILD/gcc-4.8.5-20150702/obj-x86_64-redhat-linux/cloog-install --enable-gnu-indirect-function --with-tune=generic --with-arch_32=x86-64 --build=x86_64-redhat-linux
Thread model: posix
gcc version 4.8.5 20150623 (Red Hat 4.8.5-11) (GCC) 
configure:3844: $? = 0
configure:3833: gcc -V >&5
gcc: error: unrecognized command line option '-V'
gcc: fatal error: no input files
compilation terminated.
configure:3844: $? = 4
configure:3833: gcc -qversion >&5
gcc: error: unrecognized command line option '-qversion'
gcc: fatal error: no input files
compilation terminated.
configure:3844: $? = 4
configure:3848: checking whether we are using the GNU C compiler
configure:3867: gcc -c   conftest.c >&5
configure:3867: $? = 0
configure:3876: result: yes
configure:3885: checking whether gcc accepts -g
configure:3905: gcc -c -g  conftest.c >&5
configure:3905: $? = 0
configure:3946: result: yes
configure:3963: checking for gcc option to accept ISO C89
configure:4026: gcc  -c -g -O2  conftest.c >&5
configure:4026: $? = 0
configure:4039: result: none needed
configure:4064: checking whether gcc understands -c and -o together
configure:4086: gcc -c conftest.c -o conftest2.o
configure:4089: $? = 0
configure:4086: gcc -c conftest.c -o conftest2.o
configure:4089: $? = 0
configure:4101: result: yes
configure:4120: checking dependency style of gcc
configure:4231: result: gcc3
configure:4289: checking for ranlib
configure:4305: found /usr/bin/ranlib
configure:4316: result: ranlib
configure:4352: checking how to run the C++ preprocessor
configure:4379: g++ -E  conftest.cpp
configure:4379: $? = 0
configure:4393: g++ -E  conftest.cpp
conftest.cpp:11:28: fatal error: ac_nonexistent.h: No such file or directory
 #include <ac_nonexistent.h>
                            ^
compilation terminated.
configure:4393: $? = 1
configure: failed program was:
| /* confdefs.h */
| #define PACKAGE_NAME "StriDe"
| #define PACKAGE_TARNAME "stride"
| #define PACKAGE_VERSION "0.0.1"
| #define PACKAGE_STRING "StriDe 0.0.1"
| #define PACKAGE_BUGREPORT "ythuang@cs.ccu.edu.tw"
| #define PACKAGE_URL ""
| #define PACKAGE "stride"
| #define VERSION "0.0.1"
| /* end confdefs.h.  */
| #include <ac_nonexistent.h>
configure:4418: result: g++ -E
configure:4438: g++ -E  conftest.cpp
configure:4438: $? = 0
configure:4452: g++ -E  conftest.cpp
conftest.cpp:11:28: fatal error: ac_nonexistent.h: No such file or directory
 #include <ac_nonexistent.h>
                            ^
compilation terminated.
configure:4452: $? = 1
configure: failed program was:
| /* confdefs.h */
| #define PACKAGE_NAME "StriDe"
| #define PACKAGE_TARNAME "stride"
| #define PACKAGE_VERSION "0.0.1"
| #define PACKAGE_STRING "StriDe 0.0.1"
| #define PACKAGE_BUGREPORT "ythuang@cs.ccu.edu.tw"
| #define PACKAGE_URL ""
| #define PACKAGE "stride"
| #define VERSION "0.0.1"
| /* end confdefs.h.  */
| #include <ac_nonexistent.h>
configure:4481: checking for grep that handles long lines and -e
configure:4539: result: /usr/bin/grep
configure:4544: checking for egrep
configure:4606: result: /usr/bin/grep -E
configure:4611: checking for ANSI C header files
configure:4631: g++ -c -g -O2  conftest.cpp >&5
configure:4631: $? = 0
configure:4704: g++ -o conftest -g -O2   conftest.cpp  >&5
configure:4704: $? = 0
configure:4704: ./conftest
configure:4704: $? = 0
configure:4715: result: yes
configure:4728: checking for sys/types.h
configure:4728: g++ -c -g -O2  conftest.cpp >&5
configure:4728: $? = 0
configure:4728: result: yes
configure:4728: checking for sys/stat.h
configure:4728: g++ -c -g -O2  conftest.cpp >&5
configure:4728: $? = 0
configure:4728: result: yes
configure:4728: checking for stdlib.h
configure:4728: g++ -c -g -O2  conftest.cpp >&5
configure:4728: $? = 0
configure:4728: result: yes
configure:4728: checking for string.h
configure:4728: g++ -c -g -O2  conftest.cpp >&5
configure:4728: $? = 0
configure:4728: result: yes
configure:4728: checking for memory.h
configure:4728: g++ -c -g -O2  conftest.cpp >&5
configure:4728: $? = 0
configure:4728: result: yes
configure:4728: checking for strings.h
configure:4728: g++ -c -g -O2  conftest.cpp >&5
configure:4728: $? = 0
configure:4728: result: yes
configure:4728: checking for inttypes.h
configure:4728: g++ -c -g -O2  conftest.cpp >&5
configure:4728: $? = 0
configure:4728: result: yes
configure:4728: checking for stdint.h
configure:4728: g++ -c -g -O2  conftest.cpp >&5
configure:4728: $? = 0
configure:4728: result: yes
configure:4728: checking for unistd.h
configure:4728: g++ -c -g -O2  conftest.cpp >&5
configure:4728: $? = 0
configure:4728: result: yes
configure:4740: checking zlib.h usability
configure:4740: g++ -c -g -O2  conftest.cpp >&5
configure:4740: $? = 0
configure:4740: result: yes
configure:4740: checking zlib.h presence
configure:4740: g++ -E  conftest.cpp
configure:4740: $? = 0
configure:4740: result: yes
configure:4740: checking for zlib.h
configure:4740: result: yes
configure:4748: checking for library containing gzopen
configure:4779: g++ -o conftest -g -O2   conftest.cpp  >&5
/tmp/ccnCktUI.o: In function `main':
/bip7_disk/chengwei104/LongReadSelfCorrect/conftest.cpp:32: undefined reference to `gzopen'
collect2: error: ld returned 1 exit status
configure:4779: $? = 1
configure: failed program was:
| /* confdefs.h */
| #define PACKAGE_NAME "StriDe"
| #define PACKAGE_TARNAME "stride"
| #define PACKAGE_VERSION "0.0.1"
| #define PACKAGE_STRING "StriDe 0.0.1"
| #define PACKAGE_BUGREPORT "ythuang@cs.ccu.edu.tw"
| #define PACKAGE_URL ""
| #define PACKAGE "stride"
| #define VERSION "0.0.1"
| #define STDC_HEADERS 1
| #define HAVE_SYS_TYPES_H 1
| #define HAVE_SYS_STAT_H 1
| #define HAVE_STDLIB_H 1
| #define HAVE_STRING_H 1
| #define HAVE_MEMORY_H 1
| #define HAVE_STRINGS_H 1
| #define HAVE_INTTYPES_H 1
| #define HAVE_STDINT_H 1
| #define HAVE_UNISTD_H 1
| /* end confdefs.h.  */
| 
| /* Override any GCC internal prototype to avoid an error.
|    Use char because int might match the return type of a GCC
|    builtin and then its argument prototype would still apply.  */
| #ifdef __cplusplus
| extern "C"
| #endif
| char gzopen ();
| int
| main ()
| {
| return gzopen ();
|   ;
|   return 0;
| }
configure:4779: g++ -o conftest -g -O2   conftest.cpp -lz   >&5
configure:4779: $? = 0
configure:4796: result: -lz
configure:4806: checking for library containing clock_gettime
configure:4837: g++ -o conftest -g -O2   conftest.cpp -lz  >&5
configure:4837: $? = 0
configure:4854: result: none required
configure:4868: checking for OpenMP flag of C++ compiler
configure:4908: g++ -o conftest -g -O2 -fopenmp   conftest.cpp -lz  >&5
configure:4908: $? = 0
configure:4917: result: -fopenmp
configure:4984: checking for host type
configure:4991: result: you are not using osx so multi-threading should work.
configure:5158: checking google/sparse_hash_set usability
configure:5158: g++ -c -O3  -fopenmp  conftest.cpp >&5
configure:5158: $? = 0
configure:5158: result: yes
configure:5158: checking google/sparse_hash_set presence
configure:5158: g++ -E  -fopenmp  conftest.cpp
configure:5158: $? = 0
configure:5158: result: yes
configure:5158: checking for google/sparse_hash_set
configure:5158: result: yes
configure:5179: checking for google/sparse_hash_set
configure:5179: result: yes
configure:5179: checking google/sparse_hash_map usability
configure:5179: g++ -c -O3  -fopenmp  conftest.cpp >&5
configure:5179: $? = 0
configure:5179: result: yes
configure:5179: checking google/sparse_hash_map presence
configure:5179: g++ -E  -fopenmp  conftest.cpp
configure:5179: $? = 0
configure:5179: result: yes
configure:5179: checking for google/sparse_hash_map
configure:5179: result: yes
configure:5179: checking unordered_map usability
configure:5179: g++ -c -O3  -fopenmp  conftest.cpp >&5
In file included from /usr/include/c++/4.8.2/unordered_map:35:0,
                 from conftest.cpp:59:
/usr/include/c++/4.8.2/bits/c++0x_warning.h:32:2: error: #error This file requires compiler and library support for the ISO C++ 2011 standard. This support is currently experimental, and must be enabled with the -std=c++11 or -std=gnu++11 compiler options.
 #error This file requires compiler and library support for the \
  ^
configure:5179: $? = 1
configure: failed program was:
| /* confdefs.h */
| #define PACKAGE_NAME "StriDe"
| #define PACKAGE_TARNAME "stride"
| #define PACKAGE_VERSION "0.0.1"
| #define PACKAGE_STRING "StriDe 0.0.1"
| #define PACKAGE_BUGREPORT "ythuang@cs.ccu.edu.tw"
| #define PACKAGE_URL ""
| #define PACKAGE "stride"
| #define VERSION "0.0.1"
| #define STDC_HEADERS 1
| #define HAVE_SYS_TYPES_H 1
| #define HAVE_SYS_STAT_H 1
| #define HAVE_STDLIB_H 1
| #define HAVE_STRING_H 1
| #define HAVE_MEMORY_H 1
| #define HAVE_STRINGS_H 1
| #define HAVE_INTTYPES_H 1
| #define HAVE_STDINT_H 1
| #define HAVE_UNISTD_H 1
| #define HAVE_CLOCK_GETTIME 1
| #define HAVE_OPENMP 1
| #define HAVE_GOOGLE_SPARSE_HASH_SET 1
| #define HAVE_GOOGLE_SPARSE_HASH_SET 1
| #define HAVE_GOOGLE_SPARSE_HASH_MAP 1
| /* end confdefs.h.  */
| #include <stdio.h>
| #ifdef HAVE_SYS_TYPES_H
| # include <sys/types.h>
| #endif
| #ifdef HAVE_SYS_STAT_H
| # include <sys/stat.h>
| #endif
| #ifdef STDC_HEADERS
| # include <stdlib.h>
| # include <stddef.h>
| #else
| # ifdef HAVE_STDLIB_H
| #  include <stdlib.h>
| # endif
| #endif
| #ifdef HAVE_STRING_H
| # if !defined STDC_HEADERS && defined HAVE_MEMORY_H
| #  include <memory.h>
| # endif
| # include <string.h>
| #endif
| #ifdef HAVE_STRINGS_H
| # include <strings.h>
| #endif
| #ifdef HAVE_INTTYPES_H
| # include <inttypes.h>
| #endif
| #ifdef HAVE_STDINT_H
| # include <stdint.h>
| #endif
| #ifdef HAVE_UNISTD_H
| # include <unistd.h>
| #endif
| #include <unordered_map>
configure:5179: result: no
configure:5179: checking unordered_map presence
configure:5179: g++ -E  -fopenmp  conftest.cpp
In file included from /usr/include/c++/4.8.2/unordered_map:35:0,
                 from conftest.cpp:26:
/usr/include/c++/4.8.2/bits/c++0x_warning.h:32:2: error: #error This file requires compiler and library support for the ISO C++ 2011 standard. This support is currently experimental, and must be enabled with the -std=c++11 or -std=gnu++11 compiler options.
 #error This file requires compiler and library support for the \
  ^
configure:5179: $? = 1
configure: failed program was:
| /* confdefs.h */
| #define PACKAGE_NAME "StriDe"
| #define PACKAGE_TARNAME "stride"
| #define PACKAGE_VERSION "0.0.1"
| #define PACKAGE_STRING "StriDe 0.0.1"
| #define PACKAGE_BUGREPORT "ythuang@cs.ccu.edu.tw"
| #define PACKAGE_URL ""
| #define PACKAGE "stride"
| #define VERSION "0.0.1"
| #define STDC_HEADERS 1
| #define HAVE_SYS_TYPES_H 1
| #define HAVE_SYS_STAT_H 1
| #define HAVE_STDLIB_H 1
| #define HAVE_STRING_H 1
| #define HAVE_MEMORY_H 1
| #define HAVE_STRINGS_H 1
| #define HAVE_INTTYPES_H 1
| #define HAVE_STDINT_H 1
| #define HAVE_UNISTD_H 1
| #define HAVE_CLOCK_GETTIME 1
| #define HAVE_OPENMP 1
| #define HAVE_GOOGLE_SPARSE_HASH_SET 1
| #define HAVE_GOOGLE_SPARSE_HASH_SET 1
| #define HAVE_GOOGLE_SPARSE_HASH_MAP 1
| /* end confdefs.h.  */
| #include <unordered_map>
configure:5179: result: no
configure:5179: checking for unordered_map
configure:5179: result: no
configure:5179: checking tr1/unordered_map usability
configure:5179: g++ -c -O3  -fopenmp  conftest.cpp >&5
configure:5179: $? = 0
configure:5179: result: yes
configure:5179: checking tr1/unordered_map presence
configure:5179: g++ -E  -fopenmp  conftest.cpp
configure:5179: $? = 0
configure:5179: result: yes
configure:5179: checking for tr1/unordered_map
configure:5179: result: yes
configure:5179: checking ext/hash_map usability
configure:5179: g++ -c -O3  -fopenmp  conftest.cpp >&5
In file included from /usr/include/c++/4.8.2/ext/hash_map:60:0,
                 from conftest.cpp:60:
/usr/include/c++/4.8.2/backward/backward_warning.h:32:2: warning: #warning This file includes at least one deprecated or antiquated header which may be removed without further notice at a future date. Please use a non-deprecated interface with equivalent functionality instead. For a listing of replacement headers and interfaces, consult the file backward_warning.h. To disable this warning use -Wno-deprecated. [-Wcpp]
 #warning \
  ^
configure:5179: $? = 0
configure:5179: result: yes
configure:5179: checking ext/hash_map presence
configure:5179: g++ -E  -fopenmp  conftest.cpp
In file included from /usr/include/c++/4.8.2/ext/hash_map:60:0,
                 from conftest.cpp:27:
/usr/include/c++/4.8.2/backward/backward_warning.h:32:2: warning: #warning This file includes at least one deprecated or antiquated header which may be removed without further notice at a future date. Please use a non-deprecated interface with equivalent functionality instead. For a listing of replacement headers and interfaces, consult the file backward_warning.h. To disable this warning use -Wno-deprecated. [-Wcpp]
 #warning \
  ^
configure:5179: $? = 0
configure:5179: result: yes
configure:5179: checking for ext/hash_map
configure:5179: result: yes
configure:5179: checking unordered_set usability
configure:5179: g++ -c -O3  -fopenmp  conftest.cpp >&5
In file included from /usr/include/c++/4.8.2/unordered_set:35:0,
                 from conftest.cpp:61:
/usr/include/c++/4.8.2/bits/c++0x_warning.h:32:2: error: #error This file requires compiler and library support for the ISO C++ 2011 standard. This support is currently experimental, and must be enabled with the -std=c++11 or -std=gnu++11 compiler options.
 #error This file requires compiler and library support for the \
  ^
configure:5179: $? = 1
configure: failed program was:
| /* confdefs.h */
| #define PACKAGE_NAME "StriDe"
| #define PACKAGE_TARNAME "stride"
| #define PACKAGE_VERSION "0.0.1"
| #define PACKAGE_STRING "StriDe 0.0.1"
| #define PACKAGE_BUGREPORT "ythuang@cs.ccu.edu.tw"
| #define PACKAGE_URL ""
| #define PACKAGE "stride"
| #define VERSION "0.0.1"
| #define STDC_HEADERS 1
| #define HAVE_SYS_TYPES_H 1
| #define HAVE_SYS_STAT_H 1
| #define HAVE_STDLIB_H 1
| #define HAVE_STRING_H 1
| #define HAVE_MEMORY_H 1
| #define HAVE_STRINGS_H 1
| #define HAVE_INTTYPES_H 1
| #define HAVE_STDINT_H 1
| #define HAVE_UNISTD_H 1
| #define HAVE_CLOCK_GETTIME 1
| #define HAVE_OPENMP 1
| #define HAVE_GOOGLE_SPARSE_HASH_SET 1
| #define HAVE_GOOGLE_SPARSE_HASH_SET 1
| #define HAVE_GOOGLE_SPARSE_HASH_MAP 1
| #define HAVE_TR1_UNORDERED_MAP 1
| #define HAVE_EXT_HASH_MAP 1
| /* end confdefs.h.  */
| #include <stdio.h>
| #ifdef HAVE_SYS_TYPES_H
| # include <sys/types.h>
| #endif
| #ifdef HAVE_SYS_STAT_H
| # include <sys/stat.h>
| #endif
| #ifdef STDC_HEADERS
| # include <stdlib.h>
| # include <stddef.h>
| #else
| # ifdef HAVE_STDLIB_H
| #  include <stdlib.h>
| # endif
| #endif
| #ifdef HAVE_STRING_H
| # if !defined STDC_HEADERS && defined HAVE_MEMORY_H
| #  include <memory.h>
| # endif
| # include <string.h>
| #endif
| #ifdef HAVE_STRINGS_H
| # include <strings.h>
| #endif
| #ifdef HAVE_INTTYPES_H
| # include <inttypes.h>
| #endif
| #ifdef HAVE_STDINT_H
| # include <stdint.h>
| #endif
| #ifdef HAVE_UNISTD_H
| # include <unistd.h>
| #endif
| #include <unordered_set>
configure:5179: result: no
configure:5179: checking unordered_set presence
configure:5179: g++ -E  -fopenmp  conftest.cpp
In file included from /usr/include/c++/4.8.2/unordered_set:35:0,
                 from conftest.cpp:28:
/usr/include/c++/4.8.2/bits/c++0x_warning.h:32:2: error: #error This file requires compiler and library support for the ISO C++ 2011 standard. This support is currently experimental, and must be enabled with the -std=c++11 or -std=gnu++11 compiler options.
 #error This file requires compiler and library support for the \
  ^
configure:5179: $? = 1
configure: failed program was:
| /* confdefs.h */
| #define PACKAGE_NAME "StriDe"
| #define PACKAGE_TARNAME "stride"
| #define PACKAGE_VERSION "0.0.1"
| #define PACKAGE_STRING "StriDe 0.0.1"
| #define PACKAGE_BUGREPORT "ythuang@cs.ccu.edu.tw"
| #define PACKAGE_URL ""
| #define PACKAGE "stride"
| #define VERSION "0.0.1"
| #define STDC_HEADERS 1
| #define HAVE_SYS_TYPES_H 1
| #define HAVE_SYS_STAT_H 1
| #define HAVE_STDLIB_H 1
| #define HAVE_STRING_H 1
| #define HAVE_MEMORY_H 1
| #define HAVE_STRINGS_H 1
| #define HAVE_INTTYPES_H 1
| #define HAVE_STDINT_H 1
| #define HAVE_UNISTD_H 1
| #define HAVE_CLOCK_GETTIME 1
| #define HAVE_OPENMP 1
| #define HAVE_GOOGLE_SPARSE_HASH_SET 1
| #define HAVE_GOOGLE_SPARSE_HASH_SET 1
| #define HAVE_GOOGLE_SPARSE_HASH_MAP 1
| #define HAVE_TR1_UNORDERED_MAP 1
| #define HAVE_EXT_HASH_MAP 1
| /* end confdefs.h.  */
| #include <unordered_set>
configure:5179: result: no
configure:5179: checking for unordered_set
configure:5179: result: no
configure:5179: checking tr1/unordered_set usability
configure:5179: g++ -c -O3  -fopenmp  conftest.cpp >&5
configure:5179: $? = 0
configure:5179: result: yes
configure:5179: checking tr1/unordered_set presence
configure:5179: g++ -E  -fopenmp  conftest.cpp
configure:5179: $? = 0
configure:5179: result: yes
configure:5179: checking for tr1/unordered_set
configure:5179: result: yes
configure:5179: checking ext/hash_set usability
configure:5179: g++ -c -O3  -fopenmp  conftest.cpp >&5
In file included from /usr/include/c++/4.8.2/ext/hash_set:60:0,
                 from conftest.cpp:62:
/usr/include/c++/4.8.2/backward/backward_warning.h:32:2: warning: #warning This file includes at least one deprecated or antiquated header which may be removed without further notice at a future date. Please use a non-deprecated interface with equivalent functionality instead. For a listing of replacement headers and interfaces, consult the file backward_warning.h. To disable this warning use -Wno-deprecated. [-Wcpp]
 #warning \
  ^
configure:5179: $? = 0
configure:5179: result: yes
configure:5179: checking ext/hash_set presence
configure:5179: g++ -E  -fopenmp  conftest.cpp
In file included from /usr/include/c++/4.8.2/ext/hash_set:60:0,
                 from conftest.cpp:29:
/usr/include/c++/4.8.2/backward/backward_warning.h:32:2: warning: #warning This file includes at least one deprecated or antiquated header which may be removed without further notice at a future date. Please use a non-deprecated interface with equivalent functionality instead. For a listing of replacement headers and interfaces, consult the file backward_warning.h. To disable this warning use -Wno-deprecated. [-Wcpp]
 #warning \
  ^
configure:5179: $? = 0
configure:5179: result: yes
configure:5179: checking for ext/hash_set
configure:5179: result: yes
configure:5302: checking that generated files are newer than configure
configure:5308: result: done
configure:5335: creating ./config.status

## ---------------------- ##
## Running config.status. ##
## ---------------------- ##

This file was extended by StriDe config.status 0.0.1, which was
generated by GNU Autoconf 2.68b.  Invocation command line was

  CONFIG_FILES    = 
  CONFIG_HEADERS  = 
  CONFIG_LINKS    = 
  CONFIG_COMMANDS = 
  $ ./config.status 

on bip7

config.status:880: creating Makefile
config.status:880: creating Util/Makefile
config.status:880: creating SQG/Makefile
config.status:880: creating Bigraph/Makefile
config.status:880: creating Algorithm/Makefile
config.status:880: creating StringGraph/Makefile
config.status:880: creating Concurrency/Makefile
config.status:880: creating SuffixTools/Makefile
config.status:880: creating FMIndexWalk/Makefile
config.status:880: creating PacBio/Makefile
config.status:880: creating Thirdparty/Makefile
config.status:880: creating StriDe/Makefile
config.status:880: creating config.h
config.status:1061: config.h is unchanged
config.status:1109: executing depfiles commands

## ---------------- ##
## Cache variables. ##
## ---------------- ##

ac_cv_c_compiler_gnu=yes
ac_cv_cxx_compiler_gnu=yes
ac_cv_env_CCC_set=
ac_cv_env_CCC_value=
ac_cv_env_CC_set=
ac_cv_env_CC_value=
ac_cv_env_CFLAGS_set=
ac_cv_env_CFLAGS_value=
ac_cv_env_CPPFLAGS_set=
ac_cv_env_CPPFLAGS_value=
ac_cv_env_CXXCPP_set=
ac_cv_env_CXXCPP_value=
ac_cv_env_CXXFLAGS_set=
ac_cv_env_CXXFLAGS_value=
ac_cv_env_CXX_set=
ac_cv_env_CXX_value=
ac_cv_env_LDFLAGS_set=
ac_cv_env_LDFLAGS_value=
ac_cv_env_LIBS_set=
ac_cv_env_LIBS_value=
ac_cv_env_build_alias_set=
ac_cv_env_build_alias_value=
ac_cv_env_host_alias_set=
ac_cv_env_host_alias_value=
ac_cv_env_target_alias_set=
ac_cv_env_target_alias_value=
ac_cv_header_ext_hash_map=yes
ac_cv_header_ext_hash_set=yes
ac_cv_header_google_sparse_hash_map=yes
ac_cv_header_google_sparse_hash_set=yes
ac_cv_header_inttypes_h=yes
ac_cv_header_memory_h=yes
ac_cv_header_stdc=yes
ac_cv_header_stdint_h=yes
ac_cv_header_stdlib_h=yes
ac_cv_header_string_h=yes
ac_cv_header_strings_h=yes
ac_cv_header_sys_stat_h=yes
ac_cv_header_sys_types_h=yes
ac_cv_header_tr1_unordered_map=yes
ac_cv_header_tr1_unordered_set=yes
ac_cv_header_unistd_h=yes
ac_cv_header_unordered_map=no
ac_cv_header_unordered_set=no
ac_cv_header_zlib_h=yes
ac_cv_objext=o
ac_cv_path_EGREP='/usr/bin/grep -E'
ac_cv_path_GREP=/usr/bin/grep
ac_cv_path_install='/usr/bin/install -c'
ac_cv_path_mkdir=/usr/bin/mkdir
ac_cv_prog_AWK=gawk
ac_cv_prog_CXXCPP='g++ -E'
ac_cv_prog_ac_ct_CC=gcc
ac_cv_prog_ac_ct_CXX=g++
ac_cv_prog_ac_ct_RANLIB=ranlib
ac_cv_prog_cc_c89=
ac_cv_prog_cc_g=yes
ac_cv_prog_cxx_g=yes
ac_cv_prog_make_make_set=yes
ac_cv_search_clock_gettime='none required'
ac_cv_search_gzopen=-lz
am_cv_CC_dependencies_compiler_type=gcc3
am_cv_CXX_dependencies_compiler_type=gcc3
am_cv_make_support_nested_variables=yes
am_cv_prog_cc_c_o=yes
ax_cv_cxx_openmp=-fopenmp

## ----------------- ##
## Output variables. ##
## ----------------- ##

ACLOCAL='${SHELL} /bip7_disk/chengwei104/LongReadSelfCorrect/missing aclocal-1.15'
AMDEPBACKSLASH='\'
AMDEP_FALSE='#'
AMDEP_TRUE=''
AMTAR='$${TAR-tar}'
AM_BACKSLASH='\'
AM_CXXFLAGS='-std=c++11 -Wall -Wextra -Wno-unknown-pragmas -static'
AM_DEFAULT_V='$(AM_DEFAULT_VERBOSITY)'
AM_DEFAULT_VERBOSITY='1'
AM_V='$(V)'
AUTOCONF='${SHELL} /bip7_disk/chengwei104/LongReadSelfCorrect/missing autoconf'
AUTOHEADER='${SHELL} /bip7_disk/chengwei104/LongReadSelfCorrect/missing autoheader'
AUTOMAKE='${SHELL} /bip7_disk/chengwei104/LongReadSelfCorrect/missing automake-1.15'
AWK='gawk'
CC='gcc'
CCDEPMODE='depmode=gcc3'
CFLAGS='-O3'
CPPFLAGS=' -fopenmp '
CXX='g++'
CXXCPP='g++ -E'
CXXDEPMODE='depmode=gcc3'
CXXFLAGS='-O3'
CYGPATH_W='echo'
DEFS='-DHAVE_CONFIG_H'
DEPDIR='.deps'
ECHO_C=''
ECHO_N='-n'
ECHO_T=''
EGREP='/usr/bin/grep -E'
EXEEXT=''
GREP='/usr/bin/grep'
INSTALL_DATA='${INSTALL} -m 644'
INSTALL_PROGRAM='${INSTALL}'
INSTALL_SCRIPT='${INSTALL}'
INSTALL_STRIP_PROGRAM='$(install_sh) -c -s'
LDFLAGS='-fopenmp  '
LIBOBJS=''
LIBS='-lz '
LTLIBOBJS=''
MAKEINFO='${SHELL} /bip7_disk/chengwei104/LongReadSelfCorrect/missing makeinfo'
MKDIR_P='/usr/bin/mkdir -p'
OBJEXT='o'
PACKAGE='stride'
PACKAGE_BUGREPORT='ythuang@cs.ccu.edu.tw'
PACKAGE_NAME='StriDe'
PACKAGE_STRING='StriDe 0.0.1'
PACKAGE_TARNAME='stride'
PACKAGE_URL=''
PACKAGE_VERSION='0.0.1'
PATH_SEPARATOR=':'
RANLIB='ranlib'
SET_MAKE=''
SHELL='/bin/sh'
STRIP=''
VERSION='0.0.1'
ac_ct_CC='gcc'
ac_ct_CXX='g++'
am__EXEEXT_FALSE=''
am__EXEEXT_TRUE='#'
am__fastdepCC_FALSE='#'
am__fastdepCC_TRUE=''
am__fastdepCXX_FALSE='#'
am__fastdepCXX_TRUE=''
am__include='include'
am__isrc=''
am__leading_dot='.'
am__nodep='_no'
am__quote=''
am__tar='$${TAR-tar} chof - "$$tardir"'
am__untar='$${TAR-tar} xf -'
bindir='${exec_prefix}/bin'
build_alias=''
datadir='${datarootdir}'
datarootdir='${prefix}/share'
docdir='${datarootdir}/doc/${PACKAGE_TARNAME}'
dvidir='${docdir}'
exec_prefix='${prefix}'
host_alias=''
htmldir='${docdir}'
includedir='${prefix}/include'
infodir='${datarootdir}/info'
install_sh='${SHELL} /bip7_disk/chengwei104/LongReadSelfCorrect/install-sh'
libdir='${exec_prefix}/lib'
libexecdir='${exec_prefix}/libexec'
localedir='${datarootdir}/locale'
localstatedir='${prefix}/var'
mandir='${datarootdir}/man'
mkdir_p='$(MKDIR_P)'
oldincludedir='/usr/include'
pdfdir='${docdir}'
prefix='/usr/local'
program_transform_name='s,x,x,'
psdir='${docdir}'
sbindir='${exec_prefix}/sbin'
sharedstatedir='${prefix}/com'
sysconfdir='${prefix}/etc'
target_alias=''

## ----------- ##
## confdefs.h. ##
## ----------- ##

/* confdefs.h */
#define PACKAGE_NAME "StriDe"
#define PACKAGE_TARNAME "stride"
#define PACKAGE_VERSION "0.0.1"
#define PACKAGE_STRING "StriDe 0.0.1"
#define PACKAGE_BUGREPORT "ythuang@cs.ccu.edu.tw"
#define PACKAGE_URL ""
#define PACKAGE "stride"
#define VERSION "0.0.1"
#define STDC_HEADERS 1
#define HAVE_SYS_TYPES_H 1
#define HAVE_SYS_STAT_H 1
#define HAVE_STDLIB_H 1
#define HAVE_STRING_H 1
#define HAVE_MEMORY_H 1
#define HAVE_STRINGS_H 1
#define HAVE_INTTYPES_H 1
#define HAVE_STDINT_H 1
#define HAVE_UNISTD_H 1
#define HAVE_CLOCK_GETTIME 1
#define HAVE_OPENMP 1
#define HAVE_GOOGLE_SPARSE_HASH_SET 1
#define HAVE_GOOGLE_SPARSE_HASH_SET 1
#define HAVE_GOOGLE_SPARSE_HASH_MAP 1
#define HAVE_TR1_UNORDERED_MAP 1
#define HAVE_EXT_HASH_MAP 1
#define HAVE_TR1_UNORDERED_SET 1
#define HAVE_EXT_HASH_SET 1

configure: exit 0

## ---------------------- ##
## Running config.status. ##
## ---------------------- ##

This file was extended by StriDe config.status 0.0.1, which was
generated by GNU Autoconf 2.68b.  Invocation command line was

  CONFIG_FILES    = 
  CONFIG_HEADERS  = 
  CONFIG_LINKS    = 
  CONFIG_COMMANDS = 
  $ ./config.status config.h

on bip7

config.status:880: creating config.h
config.status:1061: config.h is unchanged
